Feb-29 14:03:40.319 [main] DEBUG nextflow.cli.Launcher - $> nextflow kuberun Nine-s/generated_workflow_reduced -r master -c nextflow.config -resume
Feb-29 14:03:40.556 [main] DEBUG nextflow.plugin.PluginsFacade - Setting up plugin manager > mode=prod; embedded=false; plugins-dir=/home/ninon/.nextflow/plugins; core-plugins: nf-amazon@2.1.4,nf-azure@1.3.2,nf-cloudcache@0.3.0,nf-codecommit@0.1.5,nf-console@1.0.6,nf-ga4gh@1.1.0,nf-google@1.8.3,nf-tower@1.6.3,nf-wave@0.14.0
Feb-29 14:03:40.572 [main] INFO  o.pf4j.DefaultPluginStatusProvider - Enabled plugins: []
Feb-29 14:03:40.575 [main] INFO  o.pf4j.DefaultPluginStatusProvider - Disabled plugins: []
Feb-29 14:03:40.593 [main] INFO  org.pf4j.DefaultPluginManager - PF4J version 3.4.1 in 'deployment' mode
Feb-29 14:03:40.623 [main] INFO  org.pf4j.AbstractPluginManager - No plugins
Feb-29 14:03:40.653 [main] DEBUG nextflow.scm.ProviderConfig - Using SCM config path: /home/ninon/.nextflow/scm
Feb-29 14:03:40.688 [main] DEBUG nextflow.scm.RepositoryFactory - Found Git repository result: [RepositoryFactory]
Feb-29 14:03:40.702 [main] DEBUG nextflow.scm.RepositoryProvider - Request [credentials -:-] -> https://api.github.com/repos/Nine-s/generated_workflow_reduced/contents/nextflow.config
Feb-29 14:03:41.521 [main] DEBUG nextflow.config.ConfigBuilder - Found config local: /home/ninon/description_prototype/v1/generated_workflow_reduced/nextflow.config
Feb-29 14:03:41.526 [main] DEBUG nextflow.config.ConfigBuilder - User config file: https://github.com/Nine-s/generated_workflow_reduced/nextflow.config
Feb-29 14:03:41.527 [main] DEBUG nextflow.config.ConfigBuilder - User config file: /home/ninon/description_prototype/v1/generated_workflow_reduced/nextflow.config
Feb-29 14:03:41.529 [main] DEBUG nextflow.config.ConfigBuilder - Parsing config file: /home/ninon/description_prototype/v1/generated_workflow_reduced/nextflow.config
Feb-29 14:03:41.529 [main] DEBUG nextflow.config.ConfigBuilder - Parsing config file: https://github.com/Nine-s/generated_workflow_reduced/nextflow.config
Feb-29 14:03:41.529 [main] DEBUG nextflow.config.ConfigBuilder - Parsing config file: /home/ninon/description_prototype/v1/generated_workflow_reduced/nextflow.config
Feb-29 14:03:41.559 [main] DEBUG nextflow.config.ConfigBuilder - Applying config profile: `standard`
Feb-29 14:03:42.590 [main] DEBUG nextflow.config.ConfigBuilder - Applying config profile: `standard`
Feb-29 14:03:42.602 [main] DEBUG nextflow.config.ConfigBuilder - Applying config profile: `standard`
Feb-29 14:03:42.618 [main] WARN  nextflow.config.ConfigBuilder - It appears you have never run this project before -- Option `-resume` is ignored
Feb-29 14:03:42.744 [main] DEBUG nextflow.k8s.K8sConfig - Kubernetes workDir=/workspace/ninon/work; projectDir=/workspace/projects; volumeClaims=[nextflow-ninon]
Feb-29 14:03:42.961 [main] DEBUG nextflow.scm.ProviderConfig - Using SCM config path: /home/ninon/.nextflow/scm
Feb-29 14:03:43.116 [main] DEBUG nextflow.k8s.K8sDriverLauncher - Created K8s configMap with name: nf-config-20ffbd78
Feb-29 14:03:43.196 [main] INFO  nextflow.k8s.K8sDriverLauncher - Launcher pod spec file: .nextflow.pod.yaml
Feb-29 14:04:53.811 [main] ERROR nextflow.cli.Launcher - Premature EOF
java.io.IOException: Premature EOF
	at java.base/sun.net.www.http.ChunkedInputStream.readAheadBlocking(ChunkedInputStream.java:567)
	at java.base/sun.net.www.http.ChunkedInputStream.readAhead(ChunkedInputStream.java:611)
	at java.base/sun.net.www.http.ChunkedInputStream.read(ChunkedInputStream.java:705)
	at java.base/java.io.FilterInputStream.read(FilterInputStream.java:132)
	at java.base/sun.net.www.protocol.http.HttpURLConnection$HttpInputStream.read(HttpURLConnection.java:3685)
	at java.base/sun.nio.cs.StreamDecoder.readBytes(StreamDecoder.java:270)
	at java.base/sun.nio.cs.StreamDecoder.implRead(StreamDecoder.java:313)
	at java.base/sun.nio.cs.StreamDecoder.read(StreamDecoder.java:188)
	at java.base/java.io.InputStreamReader.read(InputStreamReader.java:177)
	at java.base/java.io.BufferedReader.fill(BufferedReader.java:162)
	at java.base/java.io.BufferedReader.readLine(BufferedReader.java:329)
	at java.base/java.io.BufferedReader.readLine(BufferedReader.java:396)
	at org.codehaus.groovy.runtime.IOGroovyMethods.eachLine(IOGroovyMethods.java:452)
	at org.codehaus.groovy.runtime.IOGroovyMethods.eachLine(IOGroovyMethods.java:409)
	at org.codehaus.groovy.runtime.IOGroovyMethods.eachLine(IOGroovyMethods.java:393)
	at org.codehaus.groovy.runtime.dgm$917.invoke(Unknown Source)
	at org.codehaus.groovy.runtime.callsite.PojoMetaMethodSite$PojoMetaMethodSiteNoUnwrapNoCoerce.invoke(PojoMetaMethodSite.java:242)
	at org.codehaus.groovy.runtime.callsite.PojoMetaMethodSite.call(PojoMetaMethodSite.java:51)
	at org.codehaus.groovy.runtime.callsite.CallSiteArray.defaultCall(CallSiteArray.java:47)
	at org.codehaus.groovy.runtime.callsite.AbstractCallSite.call(AbstractCallSite.java:125)
	at org.codehaus.groovy.runtime.callsite.AbstractCallSite.call(AbstractCallSite.java:139)
	at nextflow.k8s.K8sDriverLauncher.printK8sPodOutput(K8sDriverLauncher.groovy:258)
	at nextflow.k8s.K8sDriverLauncher.run(K8sDriverLauncher.groovy:158)
	at nextflow.cli.CmdKubeRun.run(CmdKubeRun.groovy:97)
	at nextflow.cli.Launcher.run(Launcher.groovy:495)
	at nextflow.cli.Launcher.main(Launcher.groovy:666)
